<?xml version="1.0" encoding="UTF-8"?>
<!-- Generated by org.testng.reporters.JUnitReportReporter -->
<testsuite hostname="LAPTOP-43BFCA24" failures="0" tests="1" name="Scuba.DemoQA" time="0.015" errors="0" timestamp="22 Jul 2020 14:52:41 GMT">
  <testcase classname="Scuba.DemoQA" name="f" time="0.015"/>
</testsuite> <!-- Scuba.DemoQA -->
