<?xml version="1.0" encoding="UTF-8"?>
<!-- Generated by org.testng.reporters.JUnitReportReporter -->
<testsuite hostname="LAPTOP-43BFCA24" failures="0" tests="1" name="TestNG.DemoQA" time="0.021" errors="0" timestamp="22 Jul 2020 14:11:35 GMT">
  <testcase classname="TestNG.DemoQA" name="f" time="0.021"/>
</testsuite> <!-- TestNG.DemoQA -->
